#
# There is insufficient memory for the Java Runtime Environment to continue.
# Native memory allocation (malloc) failed to allocate 32744 bytes for ChunkPool::allocate
# Possible reasons:
#   The system is out of physical RAM or swap space
#   In 32 bit mode, the process size limit was hit
# Possible solutions:
#   Reduce memory load on the system
#   Increase physical memory or swap space
#   Check if swap backing store is full
#   Use 64 bit Java on a 64 bit OS
#   Decrease Java heap size (-Xmx/-Xms)
#   Decrease number of Java threads
#   Decrease Java thread stack sizes (-Xss)
#   Set larger code cache with -XX:ReservedCodeCacheSize=
# This output file may be truncated or incomplete.
#
#  Out of Memory Error (allocation.cpp:273), pid=2152, tid=0x000000000000230c
#
# JRE version: Java(TM) SE Runtime Environment (8.0_92-b14) (build 1.8.0_92-b14)
# Java VM: Java HotSpot(TM) 64-Bit Server VM (25.92-b14 mixed mode windows-amd64 compressed oops)
# Failed to write core dump. Minidumps are not enabled by default on client versions of Windows
#

---------------  T H R E A D  ---------------

Current thread (0x0000000018eeb800):  JavaThread "C2 CompilerThread0" daemon [_thread_in_native, id=8972, stack(0x0000000019200000,0x0000000019300000)]

Stack: [0x0000000019200000,0x0000000019300000]
[error occurred during error reporting (printing stack bounds), id 0xc0000005]

Native frames: (J=compiled Java code, j=interpreted, Vv=VM code, C=native code)


Current CompileTask:
C2:  92083 3941   !   4       org.springframework.core.annotation.AnnotatedElementUtils::searchWithFindSemantics (774 bytes)


---------------  P R O C E S S  ---------------

Java Threads: ( => current thread )
  0x000000001ad3f800 JavaThread "DestroyJavaVM" [_thread_blocked, id=3376, stack(0x0000000002830000,0x0000000002930000)]
  0x000000001ad44000 JavaThread "http-nio-9998-Acceptor" daemon [_thread_in_native, id=8300, stack(0x0000000020e60000,0x0000000020f60000)]
  0x000000001adc4000 JavaThread "http-nio-9998-ClientPoller" daemon [_thread_in_native, id=1652, stack(0x0000000020d60000,0x0000000020e60000)]
  0x000000001adc2000 JavaThread "http-nio-9998-exec-10" daemon [_thread_blocked, id=10164, stack(0x0000000020b60000,0x0000000020c60000)]
  0x000000001adc3000 JavaThread "http-nio-9998-exec-9" daemon [_thread_blocked, id=5800, stack(0x0000000020a60000,0x0000000020b60000)]
  0x000000001adc0800 JavaThread "http-nio-9998-exec-8" daemon [_thread_blocked, id=5644, stack(0x0000000020960000,0x0000000020a60000)]
  0x000000001adc1800 JavaThread "http-nio-9998-exec-7" daemon [_thread_blocked, id=2936, stack(0x0000000020860000,0x0000000020960000)]
  0x000000001adc7000 JavaThread "http-nio-9998-exec-6" daemon [_thread_blocked, id=8332, stack(0x0000000020760000,0x0000000020860000)]
  0x000000001adc6000 JavaThread "http-nio-9998-exec-5" daemon [_thread_blocked, id=4748, stack(0x0000000020660000,0x0000000020760000)]
  0x000000001adc4800 JavaThread "http-nio-9998-exec-4" daemon [_thread_blocked, id=9660, stack(0x0000000020560000,0x0000000020660000)]
  0x000000001adc0000 JavaThread "http-nio-9998-exec-3" daemon [_thread_blocked, id=7400, stack(0x0000000020460000,0x0000000020560000)]
  0x000000001adc5800 JavaThread "http-nio-9998-exec-2" daemon [_thread_blocked, id=9868, stack(0x0000000020360000,0x0000000020460000)]
  0x000000001cc50800 JavaThread "http-nio-9998-exec-1" daemon [_thread_blocked, id=9056, stack(0x0000000020260000,0x0000000020360000)]
  0x000000001c1e2800 JavaThread "http-nio-9998-BlockPoller" daemon [_thread_in_native, id=8256, stack(0x0000000020160000,0x0000000020260000)]
  0x000000001cad2000 JavaThread "spring.cloud.inetutils" daemon [_thread_blocked, id=3464, stack(0x0000000020060000,0x0000000020160000)]
  0x000000001c971000 JavaThread "container-0" [_thread_blocked, id=6776, stack(0x000000001fd60000,0x000000001fe60000)]
  0x000000001d999800 JavaThread "Catalina-utility-2" [_thread_blocked, id=6092, stack(0x000000001fc60000,0x000000001fd60000)]
  0x000000001adca000 JavaThread "Catalina-utility-1" [_thread_blocked, id=5904, stack(0x000000001e710000,0x000000001e810000)]
  0x0000000018ffd800 JavaThread "Service Thread" daemon [_thread_blocked, id=9248, stack(0x0000000019500000,0x0000000019600000)]
  0x0000000018f6a000 JavaThread "C1 CompilerThread2" daemon [_thread_blocked, id=8344, stack(0x0000000019400000,0x0000000019500000)]
  0x0000000018f62800 JavaThread "C2 CompilerThread1" daemon [_thread_blocked, id=7044, stack(0x0000000019300000,0x0000000019400000)]
=>0x0000000018eeb800 JavaThread "C2 CompilerThread0" daemon [_thread_in_native, id=8972, stack(0x0000000019200000,0x0000000019300000)]
  0x0000000018eea000 JavaThread "Monitor Ctrl-Break" daemon [_thread_in_native, id=6332, stack(0x0000000019100000,0x0000000019200000)]
  0x0000000017694000 JavaThread "Attach Listener" daemon [_thread_blocked, id=3624, stack(0x0000000018c00000,0x0000000018d00000)]
  0x0000000017693000 JavaThread "Signal Dispatcher" daemon [_thread_blocked, id=9356, stack(0x0000000018b00000,0x0000000018c00000)]
  0x000000001767f000 JavaThread "Finalizer" daemon [_thread_blocked, id=9524, stack(0x00000000188f0000,0x00000000189f0000)]
  0x0000000002b26000 JavaThread "Reference Handler" daemon [_thread_blocked, id=6320, stack(0x00000000187f0000,0x00000000188f0000)]

Other Threads:
  0x0000000017657800 VMThread [stack: 0x00000000186f0000,0x00000000187f0000] [id=8808]
  0x00000000190af800 WatcherThread [stack: 0x0000000019600000,0x0000000019700000] [id=8576]

VM state:not at safepoint (normal execution)

VM Mutex/Monitor currently owned by a thread: None

Heap:
 PSYoungGen      total 78336K, used 48612K [0x00000000d5d00000, 0x00000000dcd80000, 0x0000000100000000)
  eden space 68096K, 71% used [0x00000000d5d00000,0x00000000d8c792d0,0x00000000d9f80000)
  from space 10240K, 0% used [0x00000000d9f80000,0x00000000d9f80000,0x00000000da980000)
  to   space 10752K, 0% used [0x00000000dc300000,0x00000000dc300000,0x00000000dcd80000)
 ParOldGen       total 87552K, used 12673K [0x0000000081600000, 0x0000000086b80000, 0x00000000d5d00000)
  object space 87552K, 14% used [0x0000000081600000,0x00000000822607d8,0x0000000086b80000)
 Metaspace       used 37100K, capacity 38888K, committed 39000K, reserved 1083392K
  class space    used 4774K, capacity 5124K, committed 5208K, reserved 1048576K

Card table byte_map: [0x0000000011ef0000,0x00000000122f0000] byte_map_base: 0x0000000011ae5000

Marking Bits: (ParMarkBitMap*) 0x00000000532b64f0
 Begin Bits: [0x00000000129a0000, 0x0000000014948000)
 End Bits:   [0x0000000014948000, 0x00000000168f0000)

Polling page: 0x0000000000f60000

CodeCache: size=245760Kb used=13128Kb max_used=13128Kb free=232631Kb
 bounds [0x0000000002b30000, 0x0000000003820000, 0x0000000011b30000]
 total_blobs=4079 nmethods=3632 adapters=358
 compilation: enabled

Compilation events (10 events):
Event: 91.997 Thread 0x0000000018f6a000 3945       3       sun.misc.FloatingDecimal$ASCIIToBinaryBuffer::<init> (26 bytes)
Event: 91.997 Thread 0x0000000018f6a000 nmethod 3945 0x0000000002d45750 code [0x0000000002d458a0, 0x0000000002d45a70]
Event: 91.997 Thread 0x0000000018f6a000 3946       3       sun.misc.FloatingDecimal$ASCIIToBinaryBuffer::doubleValue (1194 bytes)
Event: 92.004 Thread 0x0000000018f6a000 nmethod 3946 0x000000000303e190 code [0x000000000303e640, 0x00000000030409e8]
Event: 92.004 Thread 0x0000000018f6a000 3948       1       java.nio.charset.CharsetEncoder::charset (5 bytes)
Event: 92.004 Thread 0x0000000018f6a000 nmethod 3948 0x0000000002d45490 code [0x0000000002d455e0, 0x0000000002d456f0]
Event: 92.004 Thread 0x0000000018f6a000 3942   !   3       java.nio.charset.CharsetDecoder::decode (287 bytes)
Event: 92.006 Thread 0x0000000018f6a000 nmethod 3942 0x000000000303bd50 code [0x000000000303c040, 0x000000000303d7f8]
Event: 92.006 Thread 0x0000000018f6a000 3949       1       java.util.EventObject::getSource (5 bytes)
Event: 92.006 Thread 0x0000000018f6a000 nmethod 3949 0x0000000002d451d0 code [0x0000000002d45320, 0x0000000002d45430]

GC Heap History (10 events):
Event: 7.057 GC heap before
{Heap before GC invocations=7 (full 1):
 PSYoungGen      total 38400K, used 37123K [0x00000000d5d00000, 0x00000000d9d00000, 0x0000000100000000)
  eden space 33280K, 100% used [0x00000000d5d00000,0x00000000d7d80000,0x00000000d7d80000)
  from space 5120K, 75% used [0x00000000d7d80000,0x00000000d8140f90,0x00000000d8280000)
  to   space 8192K, 0% used [0x00000000d9500000,0x00000000d9500000,0x00000000d9d00000)
 ParOldGen       total 58368K, used 5982K [0x0000000081600000, 0x0000000084f00000, 0x00000000d5d00000)
  object space 58368K, 10% used [0x0000000081600000,0x0000000081bd79c0,0x0000000084f00000)
 Metaspace       used 26948K, capacity 27894K, committed 28160K, reserved 1073152K
  class space    used 3486K, capacity 3719K, committed 3840K, reserved 1048576K
Event: 7.064 GC heap after
Heap after GC invocations=7 (full 1):
 PSYoungGen      total 54272K, used 4550K [0x00000000d5d00000, 0x00000000d9b80000, 0x0000000100000000)
  eden space 47616K, 0% used [0x00000000d5d00000,0x00000000d5d00000,0x00000000d8b80000)
  from space 6656K, 68% used [0x00000000d9500000,0x00000000d9971bb8,0x00000000d9b80000)
  to   space 8192K, 0% used [0x00000000d8b80000,0x00000000d8b80000,0x00000000d9380000)
 ParOldGen       total 58368K, used 5990K [0x0000000081600000, 0x0000000084f00000, 0x00000000d5d00000)
  object space 58368K, 10% used [0x0000000081600000,0x0000000081bd99c0,0x0000000084f00000)
 Metaspace       used 26948K, capacity 27894K, committed 28160K, reserved 1073152K
  class space    used 3486K, capacity 3719K, committed 3840K, reserved 1048576K
}
Event: 8.068 GC heap before
{Heap before GC invocations=8 (full 1):
 PSYoungGen      total 54272K, used 52166K [0x00000000d5d00000, 0x00000000d9b80000, 0x0000000100000000)
  eden space 47616K, 100% used [0x00000000d5d00000,0x00000000d8b80000,0x00000000d8b80000)
  from space 6656K, 68% used [0x00000000d9500000,0x00000000d9971bb8,0x00000000d9b80000)
  to   space 8192K, 0% used [0x00000000d8b80000,0x00000000d8b80000,0x00000000d9380000)
 ParOldGen       total 58368K, used 5990K [0x0000000081600000, 0x0000000084f00000, 0x00000000d5d00000)
  object space 58368K, 10% used [0x0000000081600000,0x0000000081bd99c0,0x0000000084f00000)
 Metaspace       used 29420K, capacity 30480K, committed 30720K, reserved 1075200K
  class space    used 3783K, capacity 4036K, committed 4096K, reserved 1048576K
Event: 8.083 GC heap after
Heap after GC invocations=8 (full 1):
 PSYoungGen      total 55808K, used 7225K [0x00000000d5d00000, 0x00000000db200000, 0x0000000100000000)
  eden space 47616K, 0% used [0x00000000d5d00000,0x00000000d5d00000,0x00000000d8b80000)
  from space 8192K, 88% used [0x00000000d8b80000,0x00000000d928e568,0x00000000d9380000)
  to   space 8704K, 0% used [0x00000000da980000,0x00000000da980000,0x00000000db200000)
 ParOldGen       total 58368K, used 5998K [0x0000000081600000, 0x0000000084f00000, 0x00000000d5d00000)
  object space 58368K, 10% used [0x0000000081600000,0x0000000081bdb9c0,0x0000000084f00000)
 Metaspace       used 29420K, capacity 30480K, committed 30720K, reserved 1075200K
  class space    used 3783K, capacity 4036K, committed 4096K, reserved 1048576K
}
Event: 10.242 GC heap before
{Heap before GC invocations=9 (full 1):
 PSYoungGen      total 55808K, used 54841K [0x00000000d5d00000, 0x00000000db200000, 0x0000000100000000)
  eden space 47616K, 100% used [0x00000000d5d00000,0x00000000d8b80000,0x00000000d8b80000)
  from space 8192K, 88% used [0x00000000d8b80000,0x00000000d928e568,0x00000000d9380000)
  to   space 8704K, 0% used [0x00000000da980000,0x00000000da980000,0x00000000db200000)
 ParOldGen       total 58368K, used 5998K [0x0000000081600000, 0x0000000084f00000, 0x00000000d5d00000)
  object space 58368K, 10% used [0x0000000081600000,0x0000000081bdb9c0,0x0000000084f00000)
 Metaspace       used 33061K, capacity 34508K, committed 34816K, reserved 1079296K
  class space    used 4231K, capacity 4500K, committed 4608K, reserved 1048576K
Event: 10.266 GC heap after
Heap after GC invocations=9 (full 1):
 PSYoungGen      total 76800K, used 8689K [0x00000000d5d00000, 0x00000000db580000, 0x0000000100000000)
  eden space 68096K, 0% used [0x00000000d5d00000,0x00000000d5d00000,0x00000000d9f80000)
  from space 8704K, 99% used [0x00000000da980000,0x00000000db1fc520,0x00000000db200000)
  to   space 10240K, 0% used [0x00000000d9f80000,0x00000000d9f80000,0x00000000da980000)
 ParOldGen       total 58368K, used 6917K [0x0000000081600000, 0x0000000084f00000, 0x00000000d5d00000)
  object space 58368K, 11% used [0x0000000081600000,0x0000000081cc16a8,0x0000000084f00000)
 Metaspace       used 33061K, capacity 34508K, committed 34816K, reserved 1079296K
  class space    used 4231K, capacity 4500K, committed 4608K, reserved 1048576K
}
Event: 10.707 GC heap before
{Heap before GC invocations=10 (full 1):
 PSYoungGen      total 76800K, used 28501K [0x00000000d5d00000, 0x00000000db580000, 0x0000000100000000)
  eden space 68096K, 29% used [0x00000000d5d00000,0x00000000d7059228,0x00000000d9f80000)
  from space 8704K, 99% used [0x00000000da980000,0x00000000db1fc520,0x00000000db200000)
  to   space 10240K, 0% used [0x00000000d9f80000,0x00000000d9f80000,0x00000000da980000)
 ParOldGen       total 58368K, used 6917K [0x0000000081600000, 0x0000000084f00000, 0x00000000d5d00000)
  object space 58368K, 11% used [0x0000000081600000,0x0000000081cc16a8,0x0000000084f00000)
 Metaspace       used 33899K, capacity 35324K, committed 35416K, reserved 1079296K
  class space    used 4354K, capacity 4622K, committed 4696K, reserved 1048576K
Event: 10.728 GC heap after
Heap after GC invocations=10 (full 1):
 PSYoungGen      total 78336K, used 8497K [0x00000000d5d00000, 0x00000000dcd80000, 0x0000000100000000)
  eden space 68096K, 0% used [0x00000000d5d00000,0x00000000d5d00000,0x00000000d9f80000)
  from space 10240K, 82% used [0x00000000d9f80000,0x00000000da7cc7a0,0x00000000da980000)
  to   space 10752K, 0% used [0x00000000dc300000,0x00000000dc300000,0x00000000dcd80000)
 ParOldGen       total 58368K, used 6925K [0x0000000081600000, 0x0000000084f00000, 0x00000000d5d00000)
  object space 58368K, 11% used [0x0000000081600000,0x0000000081cc36a8,0x0000000084f00000)
 Metaspace       used 33899K, capacity 35324K, committed 35416K, reserved 1079296K
  class space    used 4354K, capacity 4622K, committed 4696K, reserved 1048576K
}
Event: 10.728 GC heap before
{Heap before GC invocations=11 (full 2):
 PSYoungGen      total 78336K, used 8497K [0x00000000d5d00000, 0x00000000dcd80000, 0x0000000100000000)
  eden space 68096K, 0% used [0x00000000d5d00000,0x00000000d5d00000,0x00000000d9f80000)
  from space 10240K, 82% used [0x00000000d9f80000,0x00000000da7cc7a0,0x00000000da980000)
  to   space 10752K, 0% used [0x00000000dc300000,0x00000000dc300000,0x00000000dcd80000)
 ParOldGen       total 58368K, used 6925K [0x0000000081600000, 0x0000000084f00000, 0x00000000d5d00000)
  object space 58368K, 11% used [0x0000000081600000,0x0000000081cc36a8,0x0000000084f00000)
 Metaspace       used 33899K, capacity 35324K, committed 35416K, reserved 1079296K
  class space    used 4354K, capacity 4622K, committed 4696K, reserved 1048576K
Event: 10.862 GC heap after
Heap after GC invocations=11 (full 2):
 PSYoungGen      total 78336K, used 0K [0x00000000d5d00000, 0x00000000dcd80000, 0x0000000100000000)
  eden space 68096K, 0% used [0x00000000d5d00000,0x00000000d5d00000,0x00000000d9f80000)
  from space 10240K, 0% used [0x00000000d9f80000,0x00000000d9f80000,0x00000000da980000)
  to   space 10752K, 0% used [0x00000000dc300000,0x00000000dc300000,0x00000000dcd80000)
 ParOldGen       total 87552K, used 12673K [0x0000000081600000, 0x0000000086b80000, 0x00000000d5d00000)
  object space 87552K, 14% used [0x0000000081600000,0x00000000822607d8,0x0000000086b80000)
 Metaspace       used 33899K, capacity 35324K, committed 35416K, reserved 1079296K
  class space    used 4354K, capacity 4622K, committed 4696K, reserved 1048576K
}

Deoptimization events (10 events):
Event: 12.042 Thread 0x000000000100c800 Uncommon trap: reason=class_check action=maybe_recompile pc=0x0000000002d0b51c method=java.lang.String.equals(Ljava/lang/Object;)Z @ 8
Event: 12.042 Thread 0x000000000100c800 Uncommon trap: reason=class_check action=maybe_recompile pc=0x0000000002d0b51c method=java.lang.String.equals(Ljava/lang/Object;)Z @ 8
Event: 12.215 Thread 0x000000000100c800 Uncommon trap: reason=bimorphic action=maybe_recompile pc=0x0000000003211610 method=java.util.Hashtable.get(Ljava/lang/Object;)Ljava/lang/Object; @ 6
Event: 12.216 Thread 0x000000000100c800 Uncommon trap: reason=bimorphic action=maybe_recompile pc=0x0000000003211610 method=java.util.Hashtable.get(Ljava/lang/Object;)Ljava/lang/Object; @ 6
Event: 20.784 Thread 0x000000001cc50800 Uncommon trap: reason=class_check action=maybe_recompile pc=0x00000000032b67d4 method=java.util.AbstractList$Itr.hasNext()Z @ 8
Event: 20.784 Thread 0x000000001cc50800 Uncommon trap: reason=class_check action=maybe_recompile pc=0x00000000032e40c4 method=java.util.AbstractList$Itr.next()Ljava/lang/Object; @ 14
Event: 85.372 Thread 0x000000001adc6000 Uncommon trap: reason=class_check action=maybe_recompile pc=0x00000000032b67d4 method=java.util.AbstractList$Itr.hasNext()Z @ 8
Event: 85.372 Thread 0x000000001adc6000 Uncommon trap: reason=class_check action=maybe_recompile pc=0x00000000032e40c4 method=java.util.AbstractList$Itr.next()Ljava/lang/Object; @ 14
Event: 87.377 Thread 0x000000001adc1800 Uncommon trap: reason=class_check action=maybe_recompile pc=0x00000000032b67d4 method=java.util.AbstractList$Itr.hasNext()Z @ 8
Event: 87.377 Thread 0x000000001adc1800 Uncommon trap: reason=class_check action=maybe_recompile pc=0x00000000032e40c4 method=java.util.AbstractList$Itr.next()Ljava/lang/Object; @ 14

Internal exceptions (10 events):
Event: 12.109 Thread 0x000000000100c800 Exception <a 'java/lang/ClassNotFoundException': java/lang/ObjectCustomizer> (0x00000000d7907d90) thrown at [D:\re\workspace\8-2-build-windows-amd64-cygwin\jdk8u92\6642\hotspot\src\share\vm\classfile\systemDictionary.cpp, line 210]
Event: 12.110 Thread 0x000000000100c800 Exception <a 'java/lang/ClassNotFoundException': org/springframework/cloud/context/properties/ConfigurationPropertiesRebinderCustomizer> (0x00000000d79211f0) thrown at [D:\re\workspace\8-2-build-windows-amd64-cygwin\jdk8u92\6642\hotspot\src\share\vm\classf
Event: 12.111 Thread 0x000000000100c800 Exception <a 'java/lang/ClassNotFoundException': org/springframework/context/ApplicationContextAwareCustomizer> (0x00000000d793e770) thrown at [D:\re\workspace\8-2-build-windows-amd64-cygwin\jdk8u92\6642\hotspot\src\share\vm\classfile\systemDictionary.cpp,ÊÝçøh9(@
Event: 12.112 Thread 0x000000000100c800 Exception <a 'java/lang/ClassNotFoundException': org/springframework/beans/factory/AwareCustomizer> (0x00000000d794e9e8) thrown at [D:\re\workspace\8-2-build-windows-amd64-cygwin\jdk8u92\6642\hotspot\src\share\vm\classfile\systemDictionary.cpp, line 210]
Event: 12.113 Thread 0x000000000100c800 Exception <a 'java/lang/ClassNotFoundException': org/springframework/context/ApplicationListenerCustomizer> (0x00000000d795edd8) thrown at [D:\re\workspace\8-2-build-windows-amd64-cygwin\jdk8u92\6642\hotspot\src\share\vm\classfile\systemDictionary.cpp, lind£Öê9(@
Event: 12.113 Thread 0x000000000100c800 Exception <a 'java/lang/ClassNotFoundException': java/util/EventListenerCustomizer> (0x00000000d7965a10) thrown at [D:\re\workspace\8-2-build-windows-amd64-cygwin\jdk8u92\6642\hotspot\src\share\vm\classfile\systemDictionary.cpp, line 210]
Event: 12.115 Thread 0x000000000100c800 Exception <a 'java/lang/ClassNotFoundException': java/lang/ObjectCustomizer> (0x00000000d7975c08) thrown at [D:\re\workspace\8-2-build-windows-amd64-cygwin\jdk8u92\6642\hotspot\src\share\vm\classfile\systemDictionary.cpp, line 210]
Event: 12.116 Thread 0x000000000100c800 Exception <a 'java/lang/ClassNotFoundException': org/springframework/jmx/export/metadata/AbstractJmxAttributeCustomizer> (0x00000000d798c068) thrown at [D:\re\workspace\8-2-build-windows-amd64-cygwin\jdk8u92\6642\hotspot\src\share\vm\classfile\systemDictioŒ 1“¨;(@
Event: 12.117 Thread 0x000000000100c800 Exception <a 'java/lang/ClassNotFoundException': org/springframework/jmx/export/metadata/ManagedAttributeCustomizer> (0x00000000d79a36b8) thrown at [D:\re\workspace\8-2-build-windows-amd64-cygwin\jdk8u92\6642\hotspot\src\share\vm\classfile\systemDictionary‚ú;€È4@
Event: 20.783 Thread 0x000000001cc50800 Exception <a 'java/lang/NoSuchMethodError': java.lang.Object.lambda$thenComparing$36697e65$1(Ljava/util/Comparator;Ljava/lang/Object;Ljava/lang/Object;)I> (0x00000000d863cc70) thrown at [D:\re\workspace\8-2-build-windows-amd64-cygwin\jdk8u92\6642\hotspot\sud›
§7(@

Events (10 events):
Event: 85.498 Thread 0x0000000018f6a000 flushing nmethod 0x0000000003242d50
Event: 85.498 Thread 0x0000000018f6a000 flushing nmethod 0x00000000032d27d0
Event: 85.498 Thread 0x0000000018f6a000 flushing nmethod 0x00000000032dce50
Event: 85.499 Thread 0x0000000018f6a000 flushing nmethod 0x0000000003332ed0
Event: 87.377 Thread 0x000000001adc1800 Uncommon trap: trap_request=0xffffffde fr.pc=0x00000000032b67d4
Event: 87.377 Thread 0x000000001adc1800 DEOPT PACKING pc=0x00000000032b67d4 sp=0x000000002095d5e0
Event: 87.377 Thread 0x000000001adc1800 DEOPT UNPACKING pc=0x0000000002b7582a sp=0x000000002095d580 mode 2
Event: 87.377 Thread 0x000000001adc1800 Uncommon trap: trap_request=0xffffffde fr.pc=0x00000000032e40c4
Event: 87.377 Thread 0x000000001adc1800 DEOPT PACKING pc=0x00000000032e40c4 sp=0x000000002095d5e0
Event: 87.377 Thread 0x000000001adc1800 DEOPT UNPACKING pc=0x0000000002b7582a sp=0x000000002095d570 mode 2


Dynamic libraries:
0x00007ff74dde0000 - 0x00007ff74de17000 	C:\Program Files\Java\jdk1.8.0_92\bin\java.exe
0x00007ffb7de40000 - 0x00007ffb7e030000 	C:\WINDOWS\SYSTEM32\ntdll.dll
0x00007ffb7d010000 - 0x00007ffb7d0c2000 	C:\WINDOWS\System32\KERNEL32.DLL
0x00007ffb7b2a0000 - 0x00007ffb7b543000 	C:\WINDOWS\System32\KERNELBASE.dll
0x00007ffb7d810000 - 0x00007ffb7d8b3000 	C:\WINDOWS\System32\ADVAPI32.dll
0x00007ffb7dba0000 - 0x00007ffb7dc3e000 	C:\WINDOWS\System32\msvcrt.dll
0x00007ffb7c7d0000 - 0x00007ffb7c867000 	C:\WINDOWS\System32\sechost.dll
0x00007ffb7d600000 - 0x00007ffb7d720000 	C:\WINDOWS\System32\RPCRT4.dll
0x00007ffb7ce70000 - 0x00007ffb7d003000 	C:\WINDOWS\System32\USER32.dll
0x00007ffb7bec0000 - 0x00007ffb7bee1000 	C:\WINDOWS\System32\win32u.dll
0x00007ffb7c870000 - 0x00007ffb7c896000 	C:\WINDOWS\System32\GDI32.dll
0x00007ffb7af00000 - 0x00007ffb7b094000 	C:\WINDOWS\System32\gdi32full.dll
0x00007ffb7b0a0000 - 0x00007ffb7b13e000 	C:\WINDOWS\System32\msvcp_win.dll
0x00007ffb7b140000 - 0x00007ffb7b23a000 	C:\WINDOWS\System32\ucrtbase.dll
0x00007ffb70fa0000 - 0x00007ffb71225000 	C:\WINDOWS\WinSxS\amd64_microsoft.windows.common-controls_6595b64144ccf1df_6.0.18362.356_none_e6c4af7d130f27cc\COMCTL32.dll
0x00007ffb7d1a0000 - 0x00007ffb7d4d6000 	C:\WINDOWS\System32\combase.dll
0x00007ffb7ae80000 - 0x00007ffb7af00000 	C:\WINDOWS\System32\bcryptPrimitives.dll
0x00007ffb7c7a0000 - 0x00007ffb7c7ce000 	C:\WINDOWS\System32\IMM32.DLL
0x0000000053340000 - 0x0000000053412000 	C:\Program Files\Java\jdk1.8.0_92\jre\bin\msvcr100.dll
0x0000000052aa0000 - 0x0000000053336000 	C:\Program Files\Java\jdk1.8.0_92\jre\bin\server\jvm.dll
0x00007ffb7dd80000 - 0x00007ffb7dd88000 	C:\WINDOWS\System32\PSAPI.DLL
0x00007ffb766c0000 - 0x00007ffb766c9000 	C:\WINDOWS\SYSTEM32\WSOCK32.dll
0x00007ffb78760000 - 0x00007ffb78784000 	C:\WINDOWS\SYSTEM32\WINMM.dll
0x00007ffb7d4e0000 - 0x00007ffb7d54f000 	C:\WINDOWS\System32\WS2_32.dll
0x00007ffb747a0000 - 0x00007ffb747aa000 	C:\WINDOWS\SYSTEM32\VERSION.dll
0x00007ffb78730000 - 0x00007ffb7875d000 	C:\WINDOWS\SYSTEM32\WINMMBASE.dll
0x00007ffb7b6f0000 - 0x00007ffb7b73a000 	C:\WINDOWS\System32\cfgmgr32.dll
0x0000000052a90000 - 0x0000000052a9f000 	C:\Program Files\Java\jdk1.8.0_92\jre\bin\verify.dll
0x0000000052a60000 - 0x0000000052a89000 	C:\Program Files\Java\jdk1.8.0_92\jre\bin\java.dll
0x0000000052a30000 - 0x0000000052a53000 	C:\Program Files\Java\jdk1.8.0_92\jre\bin\instrument.dll
0x0000000052a10000 - 0x0000000052a26000 	C:\Program Files\Java\jdk1.8.0_92\jre\bin\zip.dll
0x00007ffb7c0b0000 - 0x00007ffb7c795000 	C:\WINDOWS\System32\SHELL32.dll
0x00007ffb7c8a0000 - 0x00007ffb7c949000 	C:\WINDOWS\System32\shcore.dll
0x00007ffb7b740000 - 0x00007ffb7bebe000 	C:\WINDOWS\System32\windows.storage.dll
0x00007ffb7ad60000 - 0x00007ffb7ad7f000 	C:\WINDOWS\System32\profapi.dll
0x00007ffb7ad80000 - 0x00007ffb7adca000 	C:\WINDOWS\System32\powrprof.dll
0x00007ffb7ad10000 - 0x00007ffb7ad20000 	C:\WINDOWS\System32\UMPDC.dll
0x00007ffb7d990000 - 0x00007ffb7d9e2000 	C:\WINDOWS\System32\shlwapi.dll
0x00007ffb7ad20000 - 0x00007ffb7ad31000 	C:\WINDOWS\System32\kernel.appcore.dll
0x00007ffb7b6d0000 - 0x00007ffb7b6e7000 	C:\WINDOWS\System32\cryptsp.dll
0x00007ffb63d30000 - 0x00007ffb63d4a000 	C:\Program Files\JetBrains\IntelliJ IDEA Community Edition 2019.1.3\bin\breakgen64.dll
0x00000000529f0000 - 0x0000000052a0a000 	C:\Program Files\Java\jdk1.8.0_92\jre\bin\net.dll
0x00007ffb7a520000 - 0x00007ffb7a587000 	C:\WINDOWS\system32\mswsock.dll
0x00007ffb7a230000 - 0x00007ffb7a26a000 	C:\WINDOWS\SYSTEM32\IPHLPAPI.DLL
0x00007ffb7ddf0000 - 0x00007ffb7ddf8000 	C:\WINDOWS\System32\NSI.dll
0x00007ffb74350000 - 0x00007ffb74366000 	C:\WINDOWS\SYSTEM32\dhcpcsvc6.DLL
0x00007ffb74240000 - 0x00007ffb7425c000 	C:\WINDOWS\SYSTEM32\dhcpcsvc.DLL
0x00007ffb7a270000 - 0x00007ffb7a33a000 	C:\WINDOWS\SYSTEM32\DNSAPI.dll
0x00007ffb6f6b0000 - 0x00007ffb6f6ba000 	C:\Windows\System32\rasadhlp.dll
0x00007ffb73e00000 - 0x00007ffb73e77000 	C:\WINDOWS\System32\fwpuclnt.dll
0x00007ffb7b6a0000 - 0x00007ffb7b6c6000 	C:\WINDOWS\System32\bcrypt.dll
0x00000000529c0000 - 0x00000000529cd000 	C:\Program Files\Java\jdk1.8.0_92\jre\bin\management.dll
0x00007ffb65170000 - 0x00007ffb65186000 	C:\WINDOWS\system32\napinsp.dll
0x00007ffb65150000 - 0x00007ffb6516a000 	C:\WINDOWS\system32\pnrpnsp.dll
0x00007ffb65140000 - 0x00007ffb6514e000 	C:\WINDOWS\System32\winrnr.dll
0x00007ffb76d80000 - 0x00007ffb76d9c000 	C:\WINDOWS\system32\NLAapi.dll
0x00007ffb76b30000 - 0x00007ffb76b45000 	C:\WINDOWS\system32\wshbth.dll
0x00000000529d0000 - 0x00000000529e1000 	C:\Program Files\Java\jdk1.8.0_92\jre\bin\nio.dll
0x00007ffb7a090000 - 0x00007ffb7a0c3000 	C:\WINDOWS\system32\rsaenh.dll
0x00007ffb7ac30000 - 0x00007ffb7ac55000 	C:\WINDOWS\SYSTEM32\USERENV.dll
0x00007ffb7a6f0000 - 0x00007ffb7a6fc000 	C:\WINDOWS\SYSTEM32\CRYPTBASE.dll

VM Arguments:
jvm_args: -javaagent:C:\Program Files\JetBrains\IntelliJ IDEA Community Edition 2019.1.3\lib\idea_rt.jar=59778:C:\Program Files\JetBrains\IntelliJ IDEA Community Edition 2019.1.3\bin -Dfile.encoding=UTF-8 
java_command: com.config.client.configclient.ConfigClientApplication
java_class_path (initial): C:\Program Files\Java\jdk1.8.0_92\jre\lib\charsets.jar;C:\Program Files\Java\jdk1.8.0_92\jre\lib\deploy.jar;C:\Program Files\Java\jdk1.8.0_92\jre\lib\ext\access-bridge-64.jar;C:\Program Files\Java\jdk1.8.0_92\jre\lib\ext\cldrdata.jar;C:\Program Files\Java\jdk1.8.0_92\jre\lib\ext\dnsns.jar;C:\Program Files\Java\jdk1.8.0_92\jre\lib\ext\jaccess.jar;C:\Program Files\Java\jdk1.8.0_92\jre\lib\ext\jfxrt.jar;C:\Program Files\Java\jdk1.8.0_92\jre\lib\ext\localedata.jar;C:\Program Files\Java\jdk1.8.0_92\jre\lib\ext\nashorn.jar;C:\Program Files\Java\jdk1.8.0_92\jre\lib\ext\sunec.jar;C:\Program Files\Java\jdk1.8.0_92\jre\lib\ext\sunjce_provider.jar;C:\Program Files\Java\jdk1.8.0_92\jre\lib\ext\sunmscapi.jar;C:\Program Files\Java\jdk1.8.0_92\jre\lib\ext\sunpkcs11.jar;C:\Program Files\Java\jdk1.8.0_92\jre\lib\ext\zipfs.jar;C:\Program Files\Java\jdk1.8.0_92\jre\lib\javaws.jar;C:\Program Files\Java\jdk1.8.0_92\jre\lib\jce.jar;C:\Program Files\Java\jdk1.8.0_92\jre\lib\jfr.jar;C:\Program Files\Java\jdk1.8.0_92\jre\lib\jfxswt.jar;C:\Program Files\Java\jdk1.8.0_92\jre\lib\jsse.jar;C:\Program Files\Java\jdk1.8.0_92\jre\lib\management-agent.jar;C:\Program Files\Java\jdk1.8.0_92\jre\lib\plugin.jar;C:\Program Files\Java\jdk1.8.0_92\jre\lib\resources.jar;C:\Program Files\Java\jdk1.8.0_92\jre\lib\rt.jar;C:\Users\Cleve\Downloads\Projetos Spring\config-client\target\classes;C:\Users\Cleve\.m2\repository\org\springframework\boot\spring-boot-starter-web\2.1.8.RELEASE\spring-boot-starter-web-2.1.8.RELEASE.jar;C:\Users\Cleve\.m2\repository\org\springframework\boot\spring-boot-starter\2.1.8.RELEASE\spring-boot-starter-2.1.8.RELEASE.jar;C:\Users\Cleve\.m2\repository\org\springframework\boot\spring-boot\2.1.8.RELEASE\spring-boot-2.1.8.RELEASE.jar;C:\Users\Cleve\.m2\repository\org\springframework\boot\spring-boot-autoconfigure\2.1.8.RELEASE\spring-boot-autoconfigure-2.1.8.RELEASE.jar;C:\Users\Cleve\.m2\repository\org\springframework\boot\spring-boot-starter-logging\2.1.8.R
Launcher Type: SUN_STANDARD

Environment Variables:
JAVA_HOME=C:\Program Files (x86)\Java\jdk1.8.0_45;
PATH=C:\Program Files\JetBrains\IntelliJ IDEA Community Edition 2019.1.3\jbr\\bin;C:\Program Files\JetBrains\IntelliJ IDEA Community Edition 2019.1.3\jbr\\bin\server;C:\Program Files (x86)\Common Files\Oracle\Java\javapath;C:\ProgramData\Oracle\Java\javapath;C:\Program Files (x86)\Intel\iCLS Client\;C:\Program Files\Intel\iCLS Client\;C:\Windows\system32;C:\Windows;C:\Windows\System32\Wbem;C:\Windows\System32\WindowsPowerShell\v1.0\;C:\Program Files (x86)\NVIDIA Corporation\PhysX\Common;C:\WINDOWS\system32;C:\WINDOWS;C:\WINDOWS\System32\Wbem;C:\WINDOWS\System32\WindowsPowerShell\v1.0\;C:\Users\Cleve\AppData\Local\Android\sdk\tools;C:\Users\Cleve\AppData\Local\Android\sdk\platform-tools;C:\gradle\bin;C:\Program Files (x86)\Intel\Intel(R) Management Engine Components\DAL;C:\Program Files\Intel\Intel(R) Management Engine Components\DAL;C:\Program Files (x86)\Intel\Intel(R) Management Engine Components\IPT;C:\Program Files\Intel\Intel(R) Management Engine Components\IPT;C:\Program Files\nodejs\;C:\WINDOWS\System32\OpenSSH\;C:\Users\Cleve\Downloads\Programas\apache-maven-3.6.1-bin\apache-maven-3.6.1\bin;C:\Users\Cleve\AppData\Local\Programs\Git\cmd;C:\Program Files\Redis\;C:\Program Files (x86)\Mercurial;C:\Program Files (x86)\Java\jdk1.8.0_45\bin;C:\ProgramData\Cleve\atom\bin;C:\Users\Cleve\AppData\Local\Microsoft\WindowsApps;C:\Users\Cleve\AppData\Roaming\npm;C:\Program Files\JetBrains\IntelliJ IDEA Community Edition 2019.1.3\bin;;C:\Users\Cleve\AppData\Local\Programs\Microsoft VS Code\bin;;C:\Program Files\Docker Toolbox
USERNAME=Cleve
OS=Windows_NT
PROCESSOR_IDENTIFIER=Intel64 Family 6 Model 61 Stepping 4, GenuineIntel



---------------  S Y S T E M  ---------------

OS: Windows 10.0 , 64 bit Build 18362 (10.0.18362.329)

CPU:total 4 (2 cores per cpu, 2 threads per core) family 6 model 61 stepping 4, cmov, cx8, fxsr, mmx, sse, sse2, sse3, ssse3, sse4.1, sse4.2, popcnt, avx, avx2, aes, clmul, erms, 3dnowpref, lzcnt, ht, tsc, tscinvbit, bmi1, bmi2, adx

Memory: 4k page, physical 8296900k(1456960k free), swap 8296900k(2064k free)

vm_info: Java HotSpot(TM) 64-Bit Server VM (25.92-b14) for windows-amd64 JRE (1.8.0_92-b14), built on Mar 31 2016 21:03:04 by "java_re" with MS VC++ 10.0 (VS2010)

time: Mon Sep 16 19:14:26 2019
elapsed time: 92 seconds (0d 0h 1m 32s)

